<?xml version="1.0" encoding="UTF-8"?>
<testng-results skipped="0" failed="0" ignored="0" total="1" passed="1">
  <reporter-output>
  </reporter-output>
  <suite name="Suite" duration-ms="60190" started-at="2021-02-16T12:33:09 IST" finished-at="2021-02-16T12:34:09 IST">
    <groups>
    </groups>
    <test name="Test" duration-ms="60190" started-at="2021-02-16T12:33:09 IST" finished-at="2021-02-16T12:34:09 IST">
      <class name="selenium.java.program.maven.Sample1Test">
        <test-method status="PASS" signature="sample1()[pri:0, instance:selenium.java.program.maven.Sample1Test@4bec1f0c]" name="sample1" duration-ms="60154" started-at="2021-02-16T12:33:09 IST" finished-at="2021-02-16T12:34:09 IST">
          <reporter-output>
          </reporter-output>
        </test-method> <!-- sample1 -->
      </class> <!-- selenium.java.program.maven.Sample1Test -->
    </test> <!-- Test -->
  </suite> <!-- Suite -->
</testng-results>
