<?xml version="1.0" encoding="UTF-8"?>
<testsuite xmlns:xsi="http://www.w3.org/2001/XMLSchema-instance" xsi:noNamespaceSchemaLocation="https://maven.apache.org/surefire/maven-surefire-plugin/xsd/surefire-test-report-3.0.xsd" version="3.0" name="TestSuite" time="60.723" tests="1" errors="0" skipped="0" failures="0">
  <properties>
[...]
</properties>
  <testcase name="sample1" classname="selenium.java.program.maven.Sample1Test" time="60.162">
    <system-out><![CDATA[[TestNGContentHandler] [WARN] It is strongly recommended to add "<!DOCTYPE suite SYSTEM "https://testng.org/testng-1.0.dtd" >" at the top of your file, otherwise TestNG may fail or not work as expected.
]]></system-out>
    <system-err><![CDATA[1613458989593	geckodriver	INFO	Listening on 127.0.0.1:15418
1613458990253	mozrunner::runner	INFO	Running command: "C:\\Program Files\\Mozilla Firefox\\firefox.exe" "--marionette" "-foreground" "-no-remote" "-profile" "C:\\Users\\hp\\AppData\\Local\\Temp\\rust_mozprofilewVINvQ"
Can't find symbol 'eglSwapBuffersWithDamageEXT'.
Can't find symbol 'eglSetDamageRegionKHR'.
JavaScript error: resource://gre/modules/XULStore.jsm, line 66: Error: Can't find profile directory.
console.warn: SearchSettings: "get: No settings file exists, new profile?" (new Error("", "(unknown module)"))
1613458993065	Marionette	INFO	Listening on port 54592
1613458993454	Marionette	WARN	TLS certificate errors will be ignored for this session
Feb 16, 2021 12:33:13 PM org.openqa.selenium.remote.ProtocolHandshake createSession
INFO: Detected dialect: W3C
Can't find symbol 'eglSwapBuffersWithDamageEXT'.
Can't find symbol 'eglSetDamageRegionKHR'.
JavaScript warning: https://cdn.fcglcdn.com/brainbees/js/v7/master-common-mg-head3.9.r11.min.js, line 1: unreachable code after return statement
JavaScript error: https://www.firstcry.com/, line 1433: ReferenceError: g_YWA_funcs is not defined
1613459035033	Marionette	WARN	Ignoring event 'pageshow' because document has an invalid readyState of 'interactive'.
1613459046224	Marionette	INFO	Stopped listening on port 54592
JavaScript error: https://zc2ab3738.webengage.co/storage-frame-1.16.htm?cdn=y&cbf=webengage-engagement-callback-frame&lc=~c2ab3738, line 1: TypeError: e.parent is null
JavaScript error: https://www.googletagmanager.com/gtm.js?id=GTM-NRHRWDQ, line 4321: NS_ERROR_NOT_INITIALIZED: 
JavaScript error: resource://gre/modules/osfile/osfile_async_front.jsm, line 426: Error: OS.File has been shut down. Rejecting post to stat

###!!! [Child][RunMessage] Error: Channel closing: too late to send/recv, messages will be lost

]]></system-err>
  </testcase>
</testsuite>