<?xml version="1.0" encoding="UTF-8"?>
<testng-results skipped="0" failed="0" ignored="0" total="2" passed="2">
  <reporter-output>
  </reporter-output>
  <suite name="Suite" duration-ms="65231" started-at="2021-02-16T11:49:05 IST" finished-at="2021-02-16T11:50:10 IST">
    <groups>
    </groups>
    <test name="Test" duration-ms="65231" started-at="2021-02-16T11:49:05 IST" finished-at="2021-02-16T11:50:10 IST">
      <class name="selenium.java.program.maven.Sample2Test">
        <test-method status="PASS" signature="sample2()[pri:0, instance:selenium.java.program.maven.Sample2Test@6c49835d]" name="sample2" duration-ms="30260" started-at="2021-02-16T11:49:05 IST" finished-at="2021-02-16T11:49:35 IST">
          <reporter-output>
          </reporter-output>
        </test-method> <!-- sample2 -->
      </class> <!-- selenium.java.program.maven.Sample2Test -->
      <class name="selenium.java.program.maven.Sample1Test">
        <test-method status="PASS" signature="sample1()[pri:0, instance:selenium.java.program.maven.Sample1Test@5a8806ef]" name="sample1" duration-ms="65142" started-at="2021-02-16T11:49:05 IST" finished-at="2021-02-16T11:50:10 IST">
          <reporter-output>
          </reporter-output>
        </test-method> <!-- sample1 -->
      </class> <!-- selenium.java.program.maven.Sample1Test -->
    </test> <!-- Test -->
  </suite> <!-- Suite -->
</testng-results>
